## ComfyUI-Manager: installing dependencies done.
[2024-11-04 02:51] ** ComfyUI startup time: 2024-11-04 02:51:48.915697
[2024-11-04 02:51] ** Platform: Windows
[2024-11-04 02:51] ** Python version: 3.11.9 (tags/v3.11.9:de54cf5, Apr  2 2024, 10:12:12) [MSC v.1938 64 bit (AMD64)]
[2024-11-04 02:51] ** Python executable: E:\ComfyUI\python_embeded\python.exe
[2024-11-04 02:51] ** ComfyUI Path: E:\ComfyUI\ComfyUI
[2024-11-04 02:51] ** Log path: E:\Languages\Apache24\ComfyUI_API\comfyui.log
[2024-11-04 02:51] 
Prestartup times for custom nodes:
[2024-11-04 02:51]    0.0 seconds: E:\ComfyUI\ComfyUI\custom_nodes\rgthree-comfy
[2024-11-04 02:51]    3.5 seconds: E:\ComfyUI\ComfyUI\custom_nodes\ComfyUI-Manager
[2024-11-04 02:51] 
Total VRAM 8191 MB, total RAM 32675 MB
[2024-11-04 02:51] pytorch version: 2.3.1+cu121
[2024-11-04 02:51] Set vram state to: NORMAL_VRAM
[2024-11-04 02:51] Device: cuda:0 NVIDIA GeForce RTX 3070 : cudaMallocAsync
[2024-11-04 02:51] Using pytorch cross attention
[2024-11-04 02:51] [Prompt Server] web root: E:\ComfyUI\ComfyUI\web
[2024-11-04 02:51] ### Loading: ComfyUI-Impact-Pack (V7.10.3)
[2024-11-04 02:51] ### Loading: ComfyUI-Impact-Pack (Subpack: V0.7)
[2024-11-04 02:52] [Impact Pack] Wildcards loading done.
[2024-11-04 02:52] ### Loading: ComfyUI-Manager (V2.51.8)
[2024-11-04 02:52] ### ComfyUI Revision: 2658 [bb52934b] | Released on '2024-09-07'
[2024-11-04 02:52] [36;20m[comfyui_controlnet_aux] | INFO -> Using ckpts path: E:\ComfyUI\ComfyUI\custom_nodes\comfyui_controlnet_aux\ckpts[0m
[2024-11-04 02:52] [36;20m[comfyui_controlnet_aux] | INFO -> Using symlinks: False[0m
[2024-11-04 02:52] [36;20m[comfyui_controlnet_aux] | INFO -> Using ort providers: ['CUDAExecutionProvider', 'DirectMLExecutionProvider', 'OpenVINOExecutionProvider', 'ROCMExecutionProvider', 'CPUExecutionProvider', 'CoreMLExecutionProvider'][0m
[2024-11-04 02:52] E:\ComfyUI\ComfyUI\custom_nodes\comfyui_controlnet_aux\node_wrappers\dwpose.py:26: UserWarning: DWPose: Onnxruntime not found or doesn't come with acceleration providers, switch to OpenCV with CPU device. DWPose might run very slowly
  warnings.warn("DWPose: Onnxruntime not found or doesn't come with acceleration providers, switch to OpenCV with CPU device. DWPose might run very slowly")
[2024-11-04 02:52] [ComfyUI-Manager] default cache updated: https://raw.githubusercontent.com/ltdrdata/ComfyUI-Manager/main/model-list.json
[2024-11-04 02:52] [ComfyUI-Manager] default cache updated: https://raw.githubusercontent.com/ltdrdata/ComfyUI-Manager/main/alter-list.json
[2024-11-04 02:52] [ComfyUI-Manager] default cache updated: https://raw.githubusercontent.com/ltdrdata/ComfyUI-Manager/main/github-stats.json
[2024-11-04 02:52] [ComfyUI-Manager] default cache updated: https://raw.githubusercontent.com/ltdrdata/ComfyUI-Manager/main/custom-node-list.json
[2024-11-04 02:52] [ComfyUI-Manager] default cache updated: https://raw.githubusercontent.com/ltdrdata/ComfyUI-Manager/main/extension-node-map.json
[2024-11-04 02:52] E:\ComfyUI\python_embeded\Lib\site-packages\diffusers\utils\outputs.py:63: UserWarning: torch.utils._pytree._register_pytree_node is deprecated. Please use torch.utils._pytree.register_pytree_node instead.
  torch.utils._pytree._register_pytree_node(
[2024-11-04 02:52] 
[2024-11-04 02:52] [92m[rgthree] Loaded 42 epic nodes.[00m
[2024-11-04 02:52] [33m[rgthree] NOTE: Will NOT use rgthree's optimized recursive execution as ComfyUI has changed.[00m
[2024-11-04 02:52] 
[2024-11-04 02:52] 
Import times for custom nodes:
[2024-11-04 02:52]    0.0 seconds: E:\ComfyUI\ComfyUI\custom_nodes\websocket_image_save.py
[2024-11-04 02:52]    0.0 seconds: E:\ComfyUI\ComfyUI\custom_nodes\ComfyUI_IPAdapter_plus
[2024-11-04 02:52]    0.0 seconds: E:\ComfyUI\ComfyUI\custom_nodes\ComfyUI_UltimateSDUpscale
[2024-11-04 02:52]    0.0 seconds: E:\ComfyUI\ComfyUI\custom_nodes\ComfyUI-Custom-Scripts
[2024-11-04 02:52]    0.0 seconds: E:\ComfyUI\ComfyUI\custom_nodes\rgthree-comfy
[2024-11-04 02:52]    0.1 seconds: E:\ComfyUI\ComfyUI\custom_nodes\ComfyUI_essentials
[2024-11-04 02:52]    0.1 seconds: E:\ComfyUI\ComfyUI\custom_nodes\comfyui_controlnet_aux
[2024-11-04 02:52]    0.3 seconds: E:\ComfyUI\ComfyUI\custom_nodes\ComfyUI-Manager
[2024-11-04 02:52]    0.3 seconds: E:\ComfyUI\ComfyUI\custom_nodes\comfyui_segment_anything
[2024-11-04 02:52]    1.0 seconds: E:\ComfyUI\ComfyUI\custom_nodes\ComfyUI-Impact-Pack
[2024-11-04 02:52]    1.8 seconds: E:\ComfyUI\ComfyUI\custom_nodes\IDM-VTON
[2024-11-04 02:52] 
[2024-11-04 02:52] Starting server

[2024-11-04 02:52] To see the GUI go to: http://127.0.0.1:8188
[2024-11-04 02:52] FETCH DATA from: E:\ComfyUI\ComfyUI\custom_nodes\ComfyUI-Manager\extension-node-map.json [DONE]
[2024-11-04 02:52] 
Stopped server
